Using pre-set license
Built from '6000.0/release' branch; Version is '6000.0.44f1 (101c91f3a8fb) revision 1055889'; Using compiler version '193933523'; Build Type 'Release'
OS: 'Windows 11  (10.0.22631) 64bit Professional' Language: 'en' Physical Memory: 16081 MB
BatchMode: 1, IsHumanControllingUs: 0, StartBugReporterOnCrash: 0, Is64bit: 1, IsPro: 1

COMMAND LINE ARGUMENTS:
C:\Program Files\Unity\Hub\Editor\6000.0.44f1\Editor\Unity.exe
-adb2
-batchMode
-noUpm
-name
AssetImportWorker2
-projectPath
C:/Users/reycl/SchoolFiles/others/NavyHackathon/Prototype_3rd_round/Sentinels-Of-The-Seas
-logFile
Logs/AssetImportWorker2.log
-srvPort
61015
-job-worker-count
7
-background-job-worker-count
8
-gc-helper-count
1
Successfully changed project path to: C:/Users/reycl/SchoolFiles/others/NavyHackathon/Prototype_3rd_round/Sentinels-Of-The-Seas
C:/Users/reycl/SchoolFiles/others/NavyHackathon/Prototype_3rd_round/Sentinels-Of-The-Seas
[UnityMemory] Configuration Parameters - Can be set up in boot.config
    "memorysetup-bucket-allocator-granularity=16"
    "memorysetup-bucket-allocator-bucket-count=8"
    "memorysetup-bucket-allocator-block-size=33554432"
    "memorysetup-bucket-allocator-block-count=8"
    "memorysetup-main-allocator-block-size=16777216"
    "memorysetup-thread-allocator-block-size=16777216"
    "memorysetup-gfx-main-allocator-block-size=16777216"
    "memorysetup-gfx-thread-allocator-block-size=16777216"
    "memorysetup-cache-allocator-block-size=4194304"
    "memorysetup-typetree-allocator-block-size=2097152"
    "memorysetup-profiler-bucket-allocator-granularity=16"
    "memorysetup-profiler-bucket-allocator-bucket-count=8"
    "memorysetup-profiler-bucket-allocator-block-size=33554432"
    "memorysetup-profiler-bucket-allocator-block-count=8"
    "memorysetup-profiler-allocator-block-size=16777216"
    "memorysetup-profiler-editor-allocator-block-size=1048576"
    "memorysetup-temp-allocator-size-main=16777216"
    "memorysetup-job-temp-allocator-block-size=2097152"
    "memorysetup-job-temp-allocator-block-size-background=1048576"
    "memorysetup-job-temp-allocator-reduction-small-platforms=262144"
    "memorysetup-allocator-temp-initial-block-size-main=262144"
    "memorysetup-allocator-temp-initial-block-size-worker=262144"
    "memorysetup-temp-allocator-size-background-worker=32768"
    "memorysetup-temp-allocator-size-job-worker=262144"
    "memorysetup-temp-allocator-size-preload-manager=33554432"
    "memorysetup-temp-allocator-size-nav-mesh-worker=65536"
    "memorysetup-temp-allocator-size-audio-worker=65536"
    "memorysetup-temp-allocator-size-cloud-worker=32768"
    "memorysetup-temp-allocator-size-gi-baking-worker=262144"
    "memorysetup-temp-allocator-size-gi-baking-worker=262144"
    "memorysetup-temp-allocator-size-gi-baking-worker=262144"
    "memorysetup-temp-allocator-size-gi-baking-worker=262144"
    "memorysetup-temp-allocator-size-gi-baking-worker=262144"
    "memorysetup-temp-allocator-size-gfx=262144"
Player connection [20976]  Target information:

Player connection [20976]  * "[IP] 192.168.86.69 [Port] 0 [Flags] 2 [Guid] 4183034909 [EditorId] 4183034909 [Version] 1048832 [Id] WindowsEditor(7,LAPTOP-DRPPY) [Debug] 1 [PackageName] WindowsEditor [ProjectName] Editor" 

Player connection [20976] Host joined multi-casting on [225.0.0.222:54997]...
Player connection [20976] Host joined alternative multi-casting on [225.0.0.222:34997]...
JobSystem: Creating JobQueue using job-worker-count value 7
Input System module state changed to: Initialized.
[Physics::Module] Initialized fallback backend.
[Physics::Module] Id: 0xdecafbad
Library Redirect Path: Library/
[Physics::Module] Selected backend.
[Physics::Module] Name: PhysX
[Physics::Module] Id: 0xf2b8ea05
[Physics::Module] SDK Version: 4.1.2
[Physics::Module] Integration Version: 1.0.0
[Physics::Module] Threading Mode: Multi-Threaded
Refreshing native plugins compatible for Editor in 11.84 ms, found 4 plugins.
Preloading 0 native plugins for Editor in 0.00 ms.
Initialize engine version: 6000.0.44f1 (101c91f3a8fb)
[Subsystems] Discovering subsystems at path C:/Program Files/Unity/Hub/Editor/6000.0.44f1/Editor/Data/Resources/UnitySubsystems
[Subsystems] Discovering subsystems at path C:/Users/reycl/SchoolFiles/others/NavyHackathon/Prototype_3rd_round/Sentinels-Of-The-Seas/Assets
GfxDevice: creating device client; kGfxThreadingModeNonThreaded
Direct3D:
    Version:  Direct3D 11.0 [level 11.1]
    Renderer: Intel(R) Iris(R) Xe Graphics (ID=0x46a6)
    Vendor:   Intel
    VRAM:     8040 MB
    Driver:   32.0.101.6078
Initialize mono
Mono path[0] = 'C:/Program Files/Unity/Hub/Editor/6000.0.44f1/Editor/Data/Managed'
Mono path[1] = 'C:/Program Files/Unity/Hub/Editor/6000.0.44f1/Editor/Data/MonoBleedingEdge/lib/mono/unityjit-win32'
Mono config path = 'C:/Program Files/Unity/Hub/Editor/6000.0.44f1/Editor/Data/MonoBleedingEdge/etc'
Using monoOptions --debugger-agent=transport=dt_socket,embedding=1,server=y,suspend=n,address=127.0.0.1:56548
Begin MonoManager ReloadAssembly
Registering precompiled unity dll's ...
Register platform support module: C:/Program Files/Unity/Hub/Editor/6000.0.44f1/Editor/Data/PlaybackEngines/WebGLSupport/UnityEditor.WebGL.Extensions.dll
Register platform support module: C:/Program Files/Unity/Hub/Editor/6000.0.44f1/Editor/Data/PlaybackEngines/WindowsStandaloneSupport/UnityEditor.WindowsStandalone.Extensions.dll
Registered in 0.008177 seconds.
- Loaded All Assemblies, in  0.515 seconds
Native extension for WindowsStandalone target not found
Native extension for WebGL target not found
Mono: successfully reloaded assembly
- Finished resetting the current domain, in  0.322 seconds
Domain Reload Profiling: 835ms
	BeginReloadAssembly (261ms)
		ExecutionOrderSort (0ms)
		DisableScriptedObjects (0ms)
		BackupInstance (0ms)
		ReleaseScriptingObjects (0ms)
		CreateAndSetChildDomain (1ms)
	RebuildCommonClasses (40ms)
	RebuildNativeTypeToScriptingClass (10ms)
	initialDomainReloadingComplete (49ms)
	LoadAllAssembliesAndSetupDomain (152ms)
		LoadAssemblies (258ms)
		RebuildTransferFunctionScriptingTraits (0ms)
		AnalyzeDomain (149ms)
			TypeCache.Refresh (147ms)
				TypeCache.ScanAssembly (135ms)
			BuildScriptInfoCaches (0ms)
			ResolveRequiredComponents (0ms)
	FinalizeReload (322ms)
		ReleaseScriptCaches (0ms)
		RebuildScriptCaches (0ms)
		SetupLoadedEditorAssemblies (286ms)
			LogAssemblyErrors (0ms)
			InitializePlatformSupportModulesInManaged (19ms)
			SetLoadedEditorAssemblies (4ms)
			BeforeProcessingInitializeOnLoad (51ms)
			ProcessInitializeOnLoadAttributes (166ms)
			ProcessInitializeOnLoadMethodAttributes (45ms)
			AfterProcessingInitializeOnLoad (0ms)
			EditorAssembliesLoaded (0ms)
		ExecutionOrderSort2 (0ms)
		AwakeInstancesAfterBackupRestoration (0ms)
========================================================================
Worker process is ready to serve import requests
Import Worker Mode flag is 0x00
Begin MonoManager ReloadAssembly
- Loaded All Assemblies, in  0.895 seconds
Refreshing native plugins compatible for Editor in 2.03 ms, found 4 plugins.
Native extension for WindowsStandalone target not found
Native extension for WebGL target not found
Mono: successfully reloaded assembly
- Finished resetting the current domain, in  0.789 seconds
Domain Reload Profiling: 1673ms
	BeginReloadAssembly (159ms)
		ExecutionOrderSort (0ms)
		DisableScriptedObjects (5ms)
		BackupInstance (0ms)
		ReleaseScriptingObjects (0ms)
		CreateAndSetChildDomain (27ms)
	RebuildCommonClasses (34ms)
	RebuildNativeTypeToScriptingClass (9ms)
	initialDomainReloadingComplete (33ms)
	LoadAllAssembliesAndSetupDomain (649ms)
		LoadAssemblies (466ms)
		RebuildTransferFunctionScriptingTraits (0ms)
		AnalyzeDomain (276ms)
			TypeCache.Refresh (191ms)
				TypeCache.ScanAssembly (174ms)
			BuildScriptInfoCaches (69ms)
			ResolveRequiredComponents (12ms)
	FinalizeReload (789ms)
		ReleaseScriptCaches (0ms)
		RebuildScriptCaches (0ms)
		SetupLoadedEditorAssemblies (575ms)
			LogAssemblyErrors (0ms)
			InitializePlatformSupportModulesInManaged (3ms)
			SetLoadedEditorAssemblies (4ms)
			BeforeProcessingInitializeOnLoad (113ms)
			ProcessInitializeOnLoadAttributes (334ms)
			ProcessInitializeOnLoadMethodAttributes (115ms)
			AfterProcessingInitializeOnLoad (6ms)
			EditorAssembliesLoaded (0ms)
		ExecutionOrderSort2 (0ms)
		AwakeInstancesAfterBackupRestoration (6ms)
Launched and connected shader compiler UnityShaderCompiler.exe after 0.01 seconds
Refreshing native plugins compatible for Editor in 1.52 ms, found 4 plugins.
Preloading 0 native plugins for Editor in 0.00 ms.
Unloading 206 Unused Serialized files (Serialized files now loaded: 0)
Unloading 6574 unused Assets / (6.8 MB). Loaded Objects now: 7218.
Memory consumption went from 176.3 MB to 169.5 MB.
Total: 10.110300 ms (FindLiveObjects: 0.637600 ms CreateObjectMapping: 0.585000 ms MarkObjects: 4.948200 ms  DeleteObjects: 3.938100 ms)

========================================================================
Received Import Request.
  Time since last request: 78607.309663 seconds.
  path: Assets/Pixel Starter Pack/Buildings/stoneHouse_inside_floor.png
  artifactKey: Guid(9f39f387b5c0e604588309e892bfcbe3) Importer(815301076,1909f56bfc062723c751e8b465ee728b)
Start importing Assets/Pixel Starter Pack/Buildings/stoneHouse_inside_floor.png using Guid(9f39f387b5c0e604588309e892bfcbe3) Importer(815301076,1909f56bfc062723c751e8b465ee728b) (PreviewImporter) -> (artifact id: 'c39e275a82d37affeb20ea77ed7ff2f7') in 0.1072049 seconds
Number of updated asset objects reloaded before import = 0Number of asset objects unloaded after import = 3

========================================================================
Received Import Request.
  Time since last request: 57.033012 seconds.
  path: Assets/Pixel Starter Pack/Buildings/stoneHouse_inside_floor.png
  artifactKey: Guid(9f39f387b5c0e604588309e892bfcbe3) Importer(815301076,1909f56bfc062723c751e8b465ee728b)
Start importing Assets/Pixel Starter Pack/Buildings/stoneHouse_inside_floor.png using Guid(9f39f387b5c0e604588309e892bfcbe3) Importer(815301076,1909f56bfc062723c751e8b465ee728b) (PreviewImporter) -> (artifact id: 'f1949ab2ba76bf8709423a6509562cd1') in 0.0151853 seconds
Number of updated asset objects reloaded before import = 0Number of asset objects unloaded after import = 3

========================================================================
Received Import Request.
  Time since last request: 51.337502 seconds.
  path: Assets/Pixel Starter Pack/Buildings/stoneHouse_inside_floor.png
  artifactKey: Guid(9f39f387b5c0e604588309e892bfcbe3) Importer(815301076,1909f56bfc062723c751e8b465ee728b)
Start importing Assets/Pixel Starter Pack/Buildings/stoneHouse_inside_floor.png using Guid(9f39f387b5c0e604588309e892bfcbe3) Importer(815301076,1909f56bfc062723c751e8b465ee728b) (PreviewImporter) -> (artifact id: '1f6fbf17e6e74ab66e2ecbab86303527') in 0.0195666 seconds
Number of updated asset objects reloaded before import = 0Number of asset objects unloaded after import = 3

========================================================================
Received Import Request.
  Time since last request: 437.251626 seconds.
  path: Assets/Pixel Starter Pack/Buildings/stoneHouse_inside_floor.png
  artifactKey: Guid(9f39f387b5c0e604588309e892bfcbe3) Importer(815301076,1909f56bfc062723c751e8b465ee728b)
Start importing Assets/Pixel Starter Pack/Buildings/stoneHouse_inside_floor.png using Guid(9f39f387b5c0e604588309e892bfcbe3) Importer(815301076,1909f56bfc062723c751e8b465ee728b) (PreviewImporter) -> (artifact id: '437238c5fbd546ce1b191caa248d83a6') in 0.012166 seconds
Number of updated asset objects reloaded before import = 0Number of asset objects unloaded after import = 3

========================================================================
Received Import Request.
  Time since last request: 176.041567 seconds.
  path: Assets/Pixel Starter Pack/Buildings/stoneHouse_inside_bottomLeftCorner.png
  artifactKey: Guid(718b6d522e7d86f429df4f0cd5223d49) Importer(815301076,1909f56bfc062723c751e8b465ee728b)
Start importing Assets/Pixel Starter Pack/Buildings/stoneHouse_inside_bottomLeftCorner.png using Guid(718b6d522e7d86f429df4f0cd5223d49) Importer(815301076,1909f56bfc062723c751e8b465ee728b) (PreviewImporter) -> (artifact id: 'a256807580991595ac4e36315ee14832') in 0.0117137 seconds
Number of updated asset objects reloaded before import = 0Number of asset objects unloaded after import = 3

========================================================================
Received Import Request.
  Time since last request: 65.599477 seconds.
  path: Assets/Pixel Starter Pack/Buildings/stoneHouse_inside_bottomLeftCorner.png
  artifactKey: Guid(718b6d522e7d86f429df4f0cd5223d49) Importer(815301076,1909f56bfc062723c751e8b465ee728b)
Start importing Assets/Pixel Starter Pack/Buildings/stoneHouse_inside_bottomLeftCorner.png using Guid(718b6d522e7d86f429df4f0cd5223d49) Importer(815301076,1909f56bfc062723c751e8b465ee728b) (PreviewImporter) -> (artifact id: '323121f25a1c7f3907fc7d7ca689bf3a') in 0.0103286 seconds
Number of updated asset objects reloaded before import = 0Number of asset objects unloaded after import = 3

========================================================================
Received Import Request.
  Time since last request: 7.447528 seconds.
  path: Assets/Pixel Starter Pack/Buildings/stoneHouse_inside_bottomRightCorner.png
  artifactKey: Guid(f00a5ddcbe50c134283aeb3c06b106d1) Importer(815301076,1909f56bfc062723c751e8b465ee728b)
Start importing Assets/Pixel Starter Pack/Buildings/stoneHouse_inside_bottomRightCorner.png using Guid(f00a5ddcbe50c134283aeb3c06b106d1) Importer(815301076,1909f56bfc062723c751e8b465ee728b) (PreviewImporter) -> (artifact id: 'f43aae77b63f2b795688c5cc0b60788c') in 0.0078779 seconds
Number of updated asset objects reloaded before import = 0Number of asset objects unloaded after import = 3

========================================================================
Received Import Request.
  Time since last request: 8.808301 seconds.
  path: Assets/Pixel Starter Pack/Buildings/stoneHouse_inside_floor.png
  artifactKey: Guid(9f39f387b5c0e604588309e892bfcbe3) Importer(815301076,1909f56bfc062723c751e8b465ee728b)
Start importing Assets/Pixel Starter Pack/Buildings/stoneHouse_inside_floor.png using Guid(9f39f387b5c0e604588309e892bfcbe3) Importer(815301076,1909f56bfc062723c751e8b465ee728b) (PreviewImporter) -> (artifact id: 'd1f8879c6fb383a22ec767db86c78aee') in 0.0083182 seconds
Number of updated asset objects reloaded before import = 0Number of asset objects unloaded after import = 3

========================================================================
Received Import Request.
  Time since last request: 8.435470 seconds.
  path: Assets/Pixel Starter Pack/Buildings/stoneHouse_inside_bottomRightCorner.png
  artifactKey: Guid(f00a5ddcbe50c134283aeb3c06b106d1) Importer(815301076,1909f56bfc062723c751e8b465ee728b)
Start importing Assets/Pixel Starter Pack/Buildings/stoneHouse_inside_bottomRightCorner.png using Guid(f00a5ddcbe50c134283aeb3c06b106d1) Importer(815301076,1909f56bfc062723c751e8b465ee728b) (PreviewImporter) -> (artifact id: '9b43be9307ecdb88c4393b4725b1215e') in 0.0079742 seconds
Number of updated asset objects reloaded before import = 0Number of asset objects unloaded after import = 3

========================================================================
Received Import Request.
  Time since last request: 6.852005 seconds.
  path: Assets/Pixel Starter Pack/Buildings/stoneHouse_inside_bottomLeftCorner.png
  artifactKey: Guid(718b6d522e7d86f429df4f0cd5223d49) Importer(815301076,1909f56bfc062723c751e8b465ee728b)
Start importing Assets/Pixel Starter Pack/Buildings/stoneHouse_inside_bottomLeftCorner.png using Guid(718b6d522e7d86f429df4f0cd5223d49) Importer(815301076,1909f56bfc062723c751e8b465ee728b) (PreviewImporter) -> (artifact id: '3650dee886fb9a8c324d880032d56865') in 0.0086643 seconds
Number of updated asset objects reloaded before import = 0Number of asset objects unloaded after import = 3

